<?xml version="1.0" encoding="UTF-8"?>
<!-- Generated by org.testng.reporters.JUnitReportReporter -->
<testsuite hostname="DESKTOP-J8D17KJ" failures="0" tests="1" name="Com_Luma_Test_Cases.TC_01_Registration_Page" time="8.466" errors="0" timestamp="2025-07-20T10:08:19 IST" skipped="0">
  <testcase classname="Com_Luma_Test_Cases.TC_01_Registration_Page" name="RegistrationPage" time="8.466"/>
</testsuite> <!-- Com_Luma_Test_Cases.TC_01_Registration_Page -->
